[2022-05-13 18:07:47] local.ERROR: Please provide a valid cache path. {"exception":"[object] (InvalidArgumentException(code: 0): Please provide a valid cache path. at C:\\php\\laravel\\Laravel9-Travel-Agency\\vendor\\laravel\\framework\\src\\Illuminate\\View\\Compilers\\Compiler.php:45)
[stacktrace]
#0 C:\\php\\laravel\\Laravel9-Travel-Agency\\vendor\\laravel\\framework\\src\\Illuminate\\View\\ViewServiceProvider.php(91): Illuminate\\View\\Compilers\\Compiler->__construct(Object(Illuminate\\Filesystem\\Filesystem), false, '')
#1 C:\\php\\laravel\\Laravel9-Travel-Agency\\vendor\\laravel\\framework\\src\\Illuminate\\Container\\Container.php(873): Illuminate\\View\\ViewServiceProvider->Illuminate\\View\\{closure}(Object(Illuminate\\Foundation\\Application), Array)
#2 C:\\php\\laravel\\Laravel9-Travel-Agency\\vendor\\laravel\\framework\\src\\Illuminate\\Container\\Container.php(758): Illuminate\\Container\\Container->build(Object(Closure))
#3 C:\\php\\laravel\\Laravel9-Travel-Agency\\vendor\\laravel\\framework\\src\\Illuminate\\Foundation\\Application.php(855): Illuminate\\Container\\Container->resolve('blade.compiler', Array, true)
#4 C:\\php\\laravel\\Laravel9-Travel-Agency\\vendor\\laravel\\framework\\src\\Illuminate\\Container\\Container.php(694): Illuminate\\Foundation\\Application->resolve('blade.compiler', Array)
#5 C:\\php\\laravel\\Laravel9-Travel-Agency\\vendor\\laravel\\framework\\src\\Illuminate\\Foundation\\Application.php(840): Illuminate\\Container\\Container->make('blade.compiler', Array)
#6 C:\\php\\laravel\\Laravel9-Travel-Agency\\vendor\\laravel\\framework\\src\\Illuminate\\Container\\Container.php(1417): Illuminate\\Foundation\\Application->make('blade.compiler')
#7 C:\\php\\laravel\\Laravel9-Travel-Agency\\vendor\\livewire\\livewire\\src\\LivewireServiceProvider.php(260): Illuminate\\Container\\Container->offsetGet('blade.compiler')
#8 C:\\php\\laravel\\Laravel9-Travel-Agency\\vendor\\livewire\\livewire\\src\\LivewireServiceProvider.php(67): Livewire\\LivewireServiceProvider->registerTagCompiler()
#9 C:\\php\\laravel\\Laravel9-Travel-Agency\\vendor\\laravel\\framework\\src\\Illuminate\\Container\\BoundMethod.php(36): Livewire\\LivewireServiceProvider->boot()
#10 C:\\php\\laravel\\Laravel9-Travel-Agency\\vendor\\laravel\\framework\\src\\Illuminate\\Container\\Util.php(41): Illuminate\\Container\\BoundMethod::Illuminate\\Container\\{closure}()
#11 C:\\php\\laravel\\Laravel9-Travel-Agency\\vendor\\laravel\\framework\\src\\Illuminate\\Container\\BoundMethod.php(93): Illuminate\\Container\\Util::unwrapIfClosure(Object(Closure))
#12 C:\\php\\laravel\\Laravel9-Travel-Agency\\vendor\\laravel\\framework\\src\\Illuminate\\Container\\BoundMethod.php(37): Illuminate\\Container\\BoundMethod::callBoundMethod(Object(Illuminate\\Foundation\\Application), Array, Object(Closure))
#13 C:\\php\\laravel\\Laravel9-Travel-Agency\\vendor\\laravel\\framework\\src\\Illuminate\\Container\\Container.php(653): Illuminate\\Container\\BoundMethod::call(Object(Illuminate\\Foundation\\Application), Array, Array, NULL)
#14 C:\\php\\laravel\\Laravel9-Travel-Agency\\vendor\\laravel\\framework\\src\\Illuminate\\Foundation\\Application.php(928): Illuminate\\Container\\Container->call(Array)
#15 C:\\php\\laravel\\Laravel9-Travel-Agency\\vendor\\laravel\\framework\\src\\Illuminate\\Foundation\\Application.php(909): Illuminate\\Foundation\\Application->bootProvider(Object(Livewire\\LivewireServiceProvider))
#16 [internal function]: Illuminate\\Foundation\\Application->Illuminate\\Foundation\\{closure}(Object(Livewire\\LivewireServiceProvider), 19)
#17 C:\\php\\laravel\\Laravel9-Travel-Agency\\vendor\\laravel\\framework\\src\\Illuminate\\Foundation\\Application.php(910): array_walk(Array, Object(Closure))
#18 C:\\php\\laravel\\Laravel9-Travel-Agency\\vendor\\laravel\\framework\\src\\Illuminate\\Foundation\\Bootstrap\\BootProviders.php(17): Illuminate\\Foundation\\Application->boot()
#19 C:\\php\\laravel\\Laravel9-Travel-Agency\\vendor\\laravel\\framework\\src\\Illuminate\\Foundation\\Application.php(239): Illuminate\\Foundation\\Bootstrap\\BootProviders->bootstrap(Object(Illuminate\\Foundation\\Application))
#20 C:\\php\\laravel\\Laravel9-Travel-Agency\\vendor\\laravel\\framework\\src\\Illuminate\\Foundation\\Console\\Kernel.php(310): Illuminate\\Foundation\\Application->bootstrapWith(Array)
#21 C:\\php\\laravel\\Laravel9-Travel-Agency\\vendor\\laravel\\framework\\src\\Illuminate\\Foundation\\Console\\Kernel.php(127): Illuminate\\Foundation\\Console\\Kernel->bootstrap()
#22 C:\\php\\laravel\\Laravel9-Travel-Agency\\artisan(37): Illuminate\\Foundation\\Console\\Kernel->handle(Object(Symfony\\Component\\Console\\Input\\ArgvInput), Object(Symfony\\Component\\Console\\Output\\ConsoleOutput))
#23 {main}
"} 
[2022-05-13 18:07:59] local.ERROR: Please provide a valid cache path. {"exception":"[object] (InvalidArgumentException(code: 0): Please provide a valid cache path. at C:\\php\\laravel\\Laravel9-Travel-Agency\\vendor\\laravel\\framework\\src\\Illuminate\\View\\Compilers\\Compiler.php:45)
[stacktrace]
#0 C:\\php\\laravel\\Laravel9-Travel-Agency\\vendor\\laravel\\framework\\src\\Illuminate\\View\\ViewServiceProvider.php(91): Illuminate\\View\\Compilers\\Compiler->__construct(Object(Illuminate\\Filesystem\\Filesystem), false, '')
#1 C:\\php\\laravel\\Laravel9-Travel-Agency\\vendor\\laravel\\framework\\src\\Illuminate\\Container\\Container.php(873): Illuminate\\View\\ViewServiceProvider->Illuminate\\View\\{closure}(Object(Illuminate\\Foundation\\Application), Array)
#2 C:\\php\\laravel\\Laravel9-Travel-Agency\\vendor\\laravel\\framework\\src\\Illuminate\\Container\\Container.php(758): Illuminate\\Container\\Container->build(Object(Closure))
#3 C:\\php\\laravel\\Laravel9-Travel-Agency\\vendor\\laravel\\framework\\src\\Illuminate\\Foundation\\Application.php(855): Illuminate\\Container\\Container->resolve('blade.compiler', Array, true)
#4 C:\\php\\laravel\\Laravel9-Travel-Agency\\vendor\\laravel\\framework\\src\\Illuminate\\Container\\Container.php(694): Illuminate\\Foundation\\Application->resolve('blade.compiler', Array)
#5 C:\\php\\laravel\\Laravel9-Travel-Agency\\vendor\\laravel\\framework\\src\\Illuminate\\Foundation\\Application.php(840): Illuminate\\Container\\Container->make('blade.compiler', Array)
#6 C:\\php\\laravel\\Laravel9-Travel-Agency\\vendor\\laravel\\framework\\src\\Illuminate\\Container\\Container.php(1417): Illuminate\\Foundation\\Application->make('blade.compiler')
#7 C:\\php\\laravel\\Laravel9-Travel-Agency\\vendor\\livewire\\livewire\\src\\LivewireServiceProvider.php(260): Illuminate\\Container\\Container->offsetGet('blade.compiler')
#8 C:\\php\\laravel\\Laravel9-Travel-Agency\\vendor\\livewire\\livewire\\src\\LivewireServiceProvider.php(67): Livewire\\LivewireServiceProvider->registerTagCompiler()
#9 C:\\php\\laravel\\Laravel9-Travel-Agency\\vendor\\laravel\\framework\\src\\Illuminate\\Container\\BoundMethod.php(36): Livewire\\LivewireServiceProvider->boot()
#10 C:\\php\\laravel\\Laravel9-Travel-Agency\\vendor\\laravel\\framework\\src\\Illuminate\\Container\\Util.php(41): Illuminate\\Container\\BoundMethod::Illuminate\\Container\\{closure}()
#11 C:\\php\\laravel\\Laravel9-Travel-Agency\\vendor\\laravel\\framework\\src\\Illuminate\\Container\\BoundMethod.php(93): Illuminate\\Container\\Util::unwrapIfClosure(Object(Closure))
#12 C:\\php\\laravel\\Laravel9-Travel-Agency\\vendor\\laravel\\framework\\src\\Illuminate\\Container\\BoundMethod.php(37): Illuminate\\Container\\BoundMethod::callBoundMethod(Object(Illuminate\\Foundation\\Application), Array, Object(Closure))
#13 C:\\php\\laravel\\Laravel9-Travel-Agency\\vendor\\laravel\\framework\\src\\Illuminate\\Container\\Container.php(653): Illuminate\\Container\\BoundMethod::call(Object(Illuminate\\Foundation\\Application), Array, Array, NULL)
#14 C:\\php\\laravel\\Laravel9-Travel-Agency\\vendor\\laravel\\framework\\src\\Illuminate\\Foundation\\Application.php(928): Illuminate\\Container\\Container->call(Array)
#15 C:\\php\\laravel\\Laravel9-Travel-Agency\\vendor\\laravel\\framework\\src\\Illuminate\\Foundation\\Application.php(909): Illuminate\\Foundation\\Application->bootProvider(Object(Livewire\\LivewireServiceProvider))
#16 [internal function]: Illuminate\\Foundation\\Application->Illuminate\\Foundation\\{closure}(Object(Livewire\\LivewireServiceProvider), 19)
#17 C:\\php\\laravel\\Laravel9-Travel-Agency\\vendor\\laravel\\framework\\src\\Illuminate\\Foundation\\Application.php(910): array_walk(Array, Object(Closure))
#18 C:\\php\\laravel\\Laravel9-Travel-Agency\\vendor\\laravel\\framework\\src\\Illuminate\\Foundation\\Bootstrap\\BootProviders.php(17): Illuminate\\Foundation\\Application->boot()
#19 C:\\php\\laravel\\Laravel9-Travel-Agency\\vendor\\laravel\\framework\\src\\Illuminate\\Foundation\\Application.php(239): Illuminate\\Foundation\\Bootstrap\\BootProviders->bootstrap(Object(Illuminate\\Foundation\\Application))
#20 C:\\php\\laravel\\Laravel9-Travel-Agency\\vendor\\laravel\\framework\\src\\Illuminate\\Foundation\\Http\\Kernel.php(153): Illuminate\\Foundation\\Application->bootstrapWith(Array)
#21 C:\\php\\laravel\\Laravel9-Travel-Agency\\vendor\\laravel\\framework\\src\\Illuminate\\Foundation\\Http\\Kernel.php(137): Illuminate\\Foundation\\Http\\Kernel->bootstrap()
#22 C:\\php\\laravel\\Laravel9-Travel-Agency\\vendor\\laravel\\framework\\src\\Illuminate\\Foundation\\Http\\Kernel.php(111): Illuminate\\Foundation\\Http\\Kernel->sendRequestThroughRouter(Object(Illuminate\\Http\\Request))
#23 C:\\php\\laravel\\Laravel9-Travel-Agency\\public\\index.php(52): Illuminate\\Foundation\\Http\\Kernel->handle(Object(Illuminate\\Http\\Request))
#24 C:\\php\\laravel\\Laravel9-Travel-Agency\\vendor\\laravel\\framework\\src\\Illuminate\\Foundation\esources\\server.php(16): require_once('C:\\\\php\\\\laravel\\\\...')
#25 {main}
"} 
[2022-05-13 18:08:03] local.ERROR: Please provide a valid cache path. {"exception":"[object] (InvalidArgumentException(code: 0): Please provide a valid cache path. at C:\\php\\laravel\\Laravel9-Travel-Agency\\vendor\\laravel\\framework\\src\\Illuminate\\View\\Compilers\\Compiler.php:45)
[stacktrace]
#0 C:\\php\\laravel\\Laravel9-Travel-Agency\\vendor\\laravel\\framework\\src\\Illuminate\\View\\ViewServiceProvider.php(91): Illuminate\\View\\Compilers\\Compiler->__construct(Object(Illuminate\\Filesystem\\Filesystem), false, '')
#1 C:\\php\\laravel\\Laravel9-Travel-Agency\\vendor\\laravel\\framework\\src\\Illuminate\\Container\\Container.php(873): Illuminate\\View\\ViewServiceProvider->Illuminate\\View\\{closure}(Object(Illuminate\\Foundation\\Application), Array)
#2 C:\\php\\laravel\\Laravel9-Travel-Agency\\vendor\\laravel\\framework\\src\\Illuminate\\Container\\Container.php(758): Illuminate\\Container\\Container->build(Object(Closure))
#3 C:\\php\\laravel\\Laravel9-Travel-Agency\\vendor\\laravel\\framework\\src\\Illuminate\\Foundation\\Application.php(855): Illuminate\\Container\\Container->resolve('blade.compiler', Array, true)
#4 C:\\php\\laravel\\Laravel9-Travel-Agency\\vendor\\laravel\\framework\\src\\Illuminate\\Container\\Container.php(694): Illuminate\\Foundation\\Application->resolve('blade.compiler', Array)
#5 C:\\php\\laravel\\Laravel9-Travel-Agency\\vendor\\laravel\\framework\\src\\Illuminate\\Foundation\\Application.php(840): Illuminate\\Container\\Container->make('blade.compiler', Array)
#6 C:\\php\\laravel\\Laravel9-Travel-Agency\\vendor\\laravel\\framework\\src\\Illuminate\\Container\\Container.php(1417): Illuminate\\Foundation\\Application->make('blade.compiler')
#7 C:\\php\\laravel\\Laravel9-Travel-Agency\\vendor\\livewire\\livewire\\src\\LivewireServiceProvider.php(260): Illuminate\\Container\\Container->offsetGet('blade.compiler')
#8 C:\\php\\laravel\\Laravel9-Travel-Agency\\vendor\\livewire\\livewire\\src\\LivewireServiceProvider.php(67): Livewire\\LivewireServiceProvider->registerTagCompiler()
#9 C:\\php\\laravel\\Laravel9-Travel-Agency\\vendor\\laravel\\framework\\src\\Illuminate\\Container\\BoundMethod.php(36): Livewire\\LivewireServiceProvider->boot()
#10 C:\\php\\laravel\\Laravel9-Travel-Agency\\vendor\\laravel\\framework\\src\\Illuminate\\Container\\Util.php(41): Illuminate\\Container\\BoundMethod::Illuminate\\Container\\{closure}()
#11 C:\\php\\laravel\\Laravel9-Travel-Agency\\vendor\\laravel\\framework\\src\\Illuminate\\Container\\BoundMethod.php(93): Illuminate\\Container\\Util::unwrapIfClosure(Object(Closure))
#12 C:\\php\\laravel\\Laravel9-Travel-Agency\\vendor\\laravel\\framework\\src\\Illuminate\\Container\\BoundMethod.php(37): Illuminate\\Container\\BoundMethod::callBoundMethod(Object(Illuminate\\Foundation\\Application), Array, Object(Closure))
#13 C:\\php\\laravel\\Laravel9-Travel-Agency\\vendor\\laravel\\framework\\src\\Illuminate\\Container\\Container.php(653): Illuminate\\Container\\BoundMethod::call(Object(Illuminate\\Foundation\\Application), Array, Array, NULL)
#14 C:\\php\\laravel\\Laravel9-Travel-Agency\\vendor\\laravel\\framework\\src\\Illuminate\\Foundation\\Application.php(928): Illuminate\\Container\\Container->call(Array)
#15 C:\\php\\laravel\\Laravel9-Travel-Agency\\vendor\\laravel\\framework\\src\\Illuminate\\Foundation\\Application.php(909): Illuminate\\Foundation\\Application->bootProvider(Object(Livewire\\LivewireServiceProvider))
#16 [internal function]: Illuminate\\Foundation\\Application->Illuminate\\Foundation\\{closure}(Object(Livewire\\LivewireServiceProvider), 19)
#17 C:\\php\\laravel\\Laravel9-Travel-Agency\\vendor\\laravel\\framework\\src\\Illuminate\\Foundation\\Application.php(910): array_walk(Array, Object(Closure))
#18 C:\\php\\laravel\\Laravel9-Travel-Agency\\vendor\\laravel\\framework\\src\\Illuminate\\Foundation\\Bootstrap\\BootProviders.php(17): Illuminate\\Foundation\\Application->boot()
#19 C:\\php\\laravel\\Laravel9-Travel-Agency\\vendor\\laravel\\framework\\src\\Illuminate\\Foundation\\Application.php(239): Illuminate\\Foundation\\Bootstrap\\BootProviders->bootstrap(Object(Illuminate\\Foundation\\Application))
#20 C:\\php\\laravel\\Laravel9-Travel-Agency\\vendor\\laravel\\framework\\src\\Illuminate\\Foundation\\Http\\Kernel.php(153): Illuminate\\Foundation\\Application->bootstrapWith(Array)
#21 C:\\php\\laravel\\Laravel9-Travel-Agency\\vendor\\laravel\\framework\\src\\Illuminate\\Foundation\\Http\\Kernel.php(137): Illuminate\\Foundation\\Http\\Kernel->bootstrap()
#22 C:\\php\\laravel\\Laravel9-Travel-Agency\\vendor\\laravel\\framework\\src\\Illuminate\\Foundation\\Http\\Kernel.php(111): Illuminate\\Foundation\\Http\\Kernel->sendRequestThroughRouter(Object(Illuminate\\Http\\Request))
#23 C:\\php\\laravel\\Laravel9-Travel-Agency\\public\\index.php(52): Illuminate\\Foundation\\Http\\Kernel->handle(Object(Illuminate\\Http\\Request))
#24 C:\\php\\laravel\\Laravel9-Travel-Agency\\vendor\\laravel\\framework\\src\\Illuminate\\Foundation\esources\\server.php(16): require_once('C:\\\\php\\\\laravel\\\\...')
#25 {main}
"} 
[2022-05-13 18:08:07] local.ERROR: Please provide a valid cache path. {"exception":"[object] (InvalidArgumentException(code: 0): Please provide a valid cache path. at C:\\php\\laravel\\Laravel9-Travel-Agency\\vendor\\laravel\\framework\\src\\Illuminate\\View\\Compilers\\Compiler.php:45)
[stacktrace]
#0 C:\\php\\laravel\\Laravel9-Travel-Agency\\vendor\\laravel\\framework\\src\\Illuminate\\View\\ViewServiceProvider.php(91): Illuminate\\View\\Compilers\\Compiler->__construct(Object(Illuminate\\Filesystem\\Filesystem), false, '')
#1 C:\\php\\laravel\\Laravel9-Travel-Agency\\vendor\\laravel\\framework\\src\\Illuminate\\Container\\Container.php(873): Illuminate\\View\\ViewServiceProvider->Illuminate\\View\\{closure}(Object(Illuminate\\Foundation\\Application), Array)
#2 C:\\php\\laravel\\Laravel9-Travel-Agency\\vendor\\laravel\\framework\\src\\Illuminate\\Container\\Container.php(758): Illuminate\\Container\\Container->build(Object(Closure))
#3 C:\\php\\laravel\\Laravel9-Travel-Agency\\vendor\\laravel\\framework\\src\\Illuminate\\Foundation\\Application.php(855): Illuminate\\Container\\Container->resolve('blade.compiler', Array, true)
#4 C:\\php\\laravel\\Laravel9-Travel-Agency\\vendor\\laravel\\framework\\src\\Illuminate\\Container\\Container.php(694): Illuminate\\Foundation\\Application->resolve('blade.compiler', Array)
#5 C:\\php\\laravel\\Laravel9-Travel-Agency\\vendor\\laravel\\framework\\src\\Illuminate\\Foundation\\Application.php(840): Illuminate\\Container\\Container->make('blade.compiler', Array)
#6 C:\\php\\laravel\\Laravel9-Travel-Agency\\vendor\\laravel\\framework\\src\\Illuminate\\Container\\Container.php(1417): Illuminate\\Foundation\\Application->make('blade.compiler')
#7 C:\\php\\laravel\\Laravel9-Travel-Agency\\vendor\\livewire\\livewire\\src\\LivewireServiceProvider.php(260): Illuminate\\Container\\Container->offsetGet('blade.compiler')
#8 C:\\php\\laravel\\Laravel9-Travel-Agency\\vendor\\livewire\\livewire\\src\\LivewireServiceProvider.php(67): Livewire\\LivewireServiceProvider->registerTagCompiler()
#9 C:\\php\\laravel\\Laravel9-Travel-Agency\\vendor\\laravel\\framework\\src\\Illuminate\\Container\\BoundMethod.php(36): Livewire\\LivewireServiceProvider->boot()
#10 C:\\php\\laravel\\Laravel9-Travel-Agency\\vendor\\laravel\\framework\\src\\Illuminate\\Container\\Util.php(41): Illuminate\\Container\\BoundMethod::Illuminate\\Container\\{closure}()
#11 C:\\php\\laravel\\Laravel9-Travel-Agency\\vendor\\laravel\\framework\\src\\Illuminate\\Container\\BoundMethod.php(93): Illuminate\\Container\\Util::unwrapIfClosure(Object(Closure))
#12 C:\\php\\laravel\\Laravel9-Travel-Agency\\vendor\\laravel\\framework\\src\\Illuminate\\Container\\BoundMethod.php(37): Illuminate\\Container\\BoundMethod::callBoundMethod(Object(Illuminate\\Foundation\\Application), Array, Object(Closure))
#13 C:\\php\\laravel\\Laravel9-Travel-Agency\\vendor\\laravel\\framework\\src\\Illuminate\\Container\\Container.php(653): Illuminate\\Container\\BoundMethod::call(Object(Illuminate\\Foundation\\Application), Array, Array, NULL)
#14 C:\\php\\laravel\\Laravel9-Travel-Agency\\vendor\\laravel\\framework\\src\\Illuminate\\Foundation\\Application.php(928): Illuminate\\Container\\Container->call(Array)
#15 C:\\php\\laravel\\Laravel9-Travel-Agency\\vendor\\laravel\\framework\\src\\Illuminate\\Foundation\\Application.php(909): Illuminate\\Foundation\\Application->bootProvider(Object(Livewire\\LivewireServiceProvider))
#16 [internal function]: Illuminate\\Foundation\\Application->Illuminate\\Foundation\\{closure}(Object(Livewire\\LivewireServiceProvider), 19)
#17 C:\\php\\laravel\\Laravel9-Travel-Agency\\vendor\\laravel\\framework\\src\\Illuminate\\Foundation\\Application.php(910): array_walk(Array, Object(Closure))
#18 C:\\php\\laravel\\Laravel9-Travel-Agency\\vendor\\laravel\\framework\\src\\Illuminate\\Foundation\\Bootstrap\\BootProviders.php(17): Illuminate\\Foundation\\Application->boot()
#19 C:\\php\\laravel\\Laravel9-Travel-Agency\\vendor\\laravel\\framework\\src\\Illuminate\\Foundation\\Application.php(239): Illuminate\\Foundation\\Bootstrap\\BootProviders->bootstrap(Object(Illuminate\\Foundation\\Application))
#20 C:\\php\\laravel\\Laravel9-Travel-Agency\\vendor\\laravel\\framework\\src\\Illuminate\\Foundation\\Http\\Kernel.php(153): Illuminate\\Foundation\\Application->bootstrapWith(Array)
#21 C:\\php\\laravel\\Laravel9-Travel-Agency\\vendor\\laravel\\framework\\src\\Illuminate\\Foundation\\Http\\Kernel.php(137): Illuminate\\Foundation\\Http\\Kernel->bootstrap()
#22 C:\\php\\laravel\\Laravel9-Travel-Agency\\vendor\\laravel\\framework\\src\\Illuminate\\Foundation\\Http\\Kernel.php(111): Illuminate\\Foundation\\Http\\Kernel->sendRequestThroughRouter(Object(Illuminate\\Http\\Request))
#23 C:\\php\\laravel\\Laravel9-Travel-Agency\\public\\index.php(52): Illuminate\\Foundation\\Http\\Kernel->handle(Object(Illuminate\\Http\\Request))
#24 C:\\php\\laravel\\Laravel9-Travel-Agency\\vendor\\laravel\\framework\\src\\Illuminate\\Foundation\esources\\server.php(16): require_once('C:\\\\php\\\\laravel\\\\...')
#25 {main}
"} 
[2022-05-13 18:08:12] local.ERROR: Please provide a valid cache path. {"exception":"[object] (InvalidArgumentException(code: 0): Please provide a valid cache path. at C:\\php\\laravel\\Laravel9-Travel-Agency\\vendor\\laravel\\framework\\src\\Illuminate\\View\\Compilers\\Compiler.php:45)
[stacktrace]
#0 C:\\php\\laravel\\Laravel9-Travel-Agency\\vendor\\laravel\\framework\\src\\Illuminate\\View\\ViewServiceProvider.php(91): Illuminate\\View\\Compilers\\Compiler->__construct(Object(Illuminate\\Filesystem\\Filesystem), false, '')
#1 C:\\php\\laravel\\Laravel9-Travel-Agency\\vendor\\laravel\\framework\\src\\Illuminate\\Container\\Container.php(873): Illuminate\\View\\ViewServiceProvider->Illuminate\\View\\{closure}(Object(Illuminate\\Foundation\\Application), Array)
#2 C:\\php\\laravel\\Laravel9-Travel-Agency\\vendor\\laravel\\framework\\src\\Illuminate\\Container\\Container.php(758): Illuminate\\Container\\Container->build(Object(Closure))
#3 C:\\php\\laravel\\Laravel9-Travel-Agency\\vendor\\laravel\\framework\\src\\Illuminate\\Foundation\\Application.php(855): Illuminate\\Container\\Container->resolve('blade.compiler', Array, true)
#4 C:\\php\\laravel\\Laravel9-Travel-Agency\\vendor\\laravel\\framework\\src\\Illuminate\\Container\\Container.php(694): Illuminate\\Foundation\\Application->resolve('blade.compiler', Array)
#5 C:\\php\\laravel\\Laravel9-Travel-Agency\\vendor\\laravel\\framework\\src\\Illuminate\\Foundation\\Application.php(840): Illuminate\\Container\\Container->make('blade.compiler', Array)
#6 C:\\php\\laravel\\Laravel9-Travel-Agency\\vendor\\laravel\\framework\\src\\Illuminate\\Container\\Container.php(1417): Illuminate\\Foundation\\Application->make('blade.compiler')
#7 C:\\php\\laravel\\Laravel9-Travel-Agency\\vendor\\livewire\\livewire\\src\\LivewireServiceProvider.php(260): Illuminate\\Container\\Container->offsetGet('blade.compiler')
#8 C:\\php\\laravel\\Laravel9-Travel-Agency\\vendor\\livewire\\livewire\\src\\LivewireServiceProvider.php(67): Livewire\\LivewireServiceProvider->registerTagCompiler()
#9 C:\\php\\laravel\\Laravel9-Travel-Agency\\vendor\\laravel\\framework\\src\\Illuminate\\Container\\BoundMethod.php(36): Livewire\\LivewireServiceProvider->boot()
#10 C:\\php\\laravel\\Laravel9-Travel-Agency\\vendor\\laravel\\framework\\src\\Illuminate\\Container\\Util.php(41): Illuminate\\Container\\BoundMethod::Illuminate\\Container\\{closure}()
#11 C:\\php\\laravel\\Laravel9-Travel-Agency\\vendor\\laravel\\framework\\src\\Illuminate\\Container\\BoundMethod.php(93): Illuminate\\Container\\Util::unwrapIfClosure(Object(Closure))
#12 C:\\php\\laravel\\Laravel9-Travel-Agency\\vendor\\laravel\\framework\\src\\Illuminate\\Container\\BoundMethod.php(37): Illuminate\\Container\\BoundMethod::callBoundMethod(Object(Illuminate\\Foundation\\Application), Array, Object(Closure))
#13 C:\\php\\laravel\\Laravel9-Travel-Agency\\vendor\\laravel\\framework\\src\\Illuminate\\Container\\Container.php(653): Illuminate\\Container\\BoundMethod::call(Object(Illuminate\\Foundation\\Application), Array, Array, NULL)
#14 C:\\php\\laravel\\Laravel9-Travel-Agency\\vendor\\laravel\\framework\\src\\Illuminate\\Foundation\\Application.php(928): Illuminate\\Container\\Container->call(Array)
#15 C:\\php\\laravel\\Laravel9-Travel-Agency\\vendor\\laravel\\framework\\src\\Illuminate\\Foundation\\Application.php(909): Illuminate\\Foundation\\Application->bootProvider(Object(Livewire\\LivewireServiceProvider))
#16 [internal function]: Illuminate\\Foundation\\Application->Illuminate\\Foundation\\{closure}(Object(Livewire\\LivewireServiceProvider), 19)
#17 C:\\php\\laravel\\Laravel9-Travel-Agency\\vendor\\laravel\\framework\\src\\Illuminate\\Foundation\\Application.php(910): array_walk(Array, Object(Closure))
#18 C:\\php\\laravel\\Laravel9-Travel-Agency\\vendor\\laravel\\framework\\src\\Illuminate\\Foundation\\Bootstrap\\BootProviders.php(17): Illuminate\\Foundation\\Application->boot()
#19 C:\\php\\laravel\\Laravel9-Travel-Agency\\vendor\\laravel\\framework\\src\\Illuminate\\Foundation\\Application.php(239): Illuminate\\Foundation\\Bootstrap\\BootProviders->bootstrap(Object(Illuminate\\Foundation\\Application))
#20 C:\\php\\laravel\\Laravel9-Travel-Agency\\vendor\\laravel\\framework\\src\\Illuminate\\Foundation\\Http\\Kernel.php(153): Illuminate\\Foundation\\Application->bootstrapWith(Array)
#21 C:\\php\\laravel\\Laravel9-Travel-Agency\\vendor\\laravel\\framework\\src\\Illuminate\\Foundation\\Http\\Kernel.php(137): Illuminate\\Foundation\\Http\\Kernel->bootstrap()
#22 C:\\php\\laravel\\Laravel9-Travel-Agency\\vendor\\laravel\\framework\\src\\Illuminate\\Foundation\\Http\\Kernel.php(111): Illuminate\\Foundation\\Http\\Kernel->sendRequestThroughRouter(Object(Illuminate\\Http\\Request))
#23 C:\\php\\laravel\\Laravel9-Travel-Agency\\public\\index.php(52): Illuminate\\Foundation\\Http\\Kernel->handle(Object(Illuminate\\Http\\Request))
#24 C:\\php\\laravel\\Laravel9-Travel-Agency\\vendor\\laravel\\framework\\src\\Illuminate\\Foundation\esources\\server.php(16): require_once('C:\\\\php\\\\laravel\\\\...')
#25 {main}
"} 
[2022-05-13 18:08:14] local.ERROR: Please provide a valid cache path. {"exception":"[object] (InvalidArgumentException(code: 0): Please provide a valid cache path. at C:\\php\\laravel\\Laravel9-Travel-Agency\\vendor\\laravel\\framework\\src\\Illuminate\\View\\Compilers\\Compiler.php:45)
[stacktrace]
#0 C:\\php\\laravel\\Laravel9-Travel-Agency\\vendor\\laravel\\framework\\src\\Illuminate\\View\\ViewServiceProvider.php(91): Illuminate\\View\\Compilers\\Compiler->__construct(Object(Illuminate\\Filesystem\\Filesystem), false, '')
#1 C:\\php\\laravel\\Laravel9-Travel-Agency\\vendor\\laravel\\framework\\src\\Illuminate\\Container\\Container.php(873): Illuminate\\View\\ViewServiceProvider->Illuminate\\View\\{closure}(Object(Illuminate\\Foundation\\Application), Array)
#2 C:\\php\\laravel\\Laravel9-Travel-Agency\\vendor\\laravel\\framework\\src\\Illuminate\\Container\\Container.php(758): Illuminate\\Container\\Container->build(Object(Closure))
#3 C:\\php\\laravel\\Laravel9-Travel-Agency\\vendor\\laravel\\framework\\src\\Illuminate\\Foundation\\Application.php(855): Illuminate\\Container\\Container->resolve('blade.compiler', Array, true)
#4 C:\\php\\laravel\\Laravel9-Travel-Agency\\vendor\\laravel\\framework\\src\\Illuminate\\Container\\Container.php(694): Illuminate\\Foundation\\Application->resolve('blade.compiler', Array)
#5 C:\\php\\laravel\\Laravel9-Travel-Agency\\vendor\\laravel\\framework\\src\\Illuminate\\Foundation\\Application.php(840): Illuminate\\Container\\Container->make('blade.compiler', Array)
#6 C:\\php\\laravel\\Laravel9-Travel-Agency\\vendor\\laravel\\framework\\src\\Illuminate\\Container\\Container.php(1417): Illuminate\\Foundation\\Application->make('blade.compiler')
#7 C:\\php\\laravel\\Laravel9-Travel-Agency\\vendor\\livewire\\livewire\\src\\LivewireServiceProvider.php(260): Illuminate\\Container\\Container->offsetGet('blade.compiler')
#8 C:\\php\\laravel\\Laravel9-Travel-Agency\\vendor\\livewire\\livewire\\src\\LivewireServiceProvider.php(67): Livewire\\LivewireServiceProvider->registerTagCompiler()
#9 C:\\php\\laravel\\Laravel9-Travel-Agency\\vendor\\laravel\\framework\\src\\Illuminate\\Container\\BoundMethod.php(36): Livewire\\LivewireServiceProvider->boot()
#10 C:\\php\\laravel\\Laravel9-Travel-Agency\\vendor\\laravel\\framework\\src\\Illuminate\\Container\\Util.php(41): Illuminate\\Container\\BoundMethod::Illuminate\\Container\\{closure}()
#11 C:\\php\\laravel\\Laravel9-Travel-Agency\\vendor\\laravel\\framework\\src\\Illuminate\\Container\\BoundMethod.php(93): Illuminate\\Container\\Util::unwrapIfClosure(Object(Closure))
#12 C:\\php\\laravel\\Laravel9-Travel-Agency\\vendor\\laravel\\framework\\src\\Illuminate\\Container\\BoundMethod.php(37): Illuminate\\Container\\BoundMethod::callBoundMethod(Object(Illuminate\\Foundation\\Application), Array, Object(Closure))
#13 C:\\php\\laravel\\Laravel9-Travel-Agency\\vendor\\laravel\\framework\\src\\Illuminate\\Container\\Container.php(653): Illuminate\\Container\\BoundMethod::call(Object(Illuminate\\Foundation\\Application), Array, Array, NULL)
#14 C:\\php\\laravel\\Laravel9-Travel-Agency\\vendor\\laravel\\framework\\src\\Illuminate\\Foundation\\Application.php(928): Illuminate\\Container\\Container->call(Array)
#15 C:\\php\\laravel\\Laravel9-Travel-Agency\\vendor\\laravel\\framework\\src\\Illuminate\\Foundation\\Application.php(909): Illuminate\\Foundation\\Application->bootProvider(Object(Livewire\\LivewireServiceProvider))
#16 [internal function]: Illuminate\\Foundation\\Application->Illuminate\\Foundation\\{closure}(Object(Livewire\\LivewireServiceProvider), 19)
#17 C:\\php\\laravel\\Laravel9-Travel-Agency\\vendor\\laravel\\framework\\src\\Illuminate\\Foundation\\Application.php(910): array_walk(Array, Object(Closure))
#18 C:\\php\\laravel\\Laravel9-Travel-Agency\\vendor\\laravel\\framework\\src\\Illuminate\\Foundation\\Bootstrap\\BootProviders.php(17): Illuminate\\Foundation\\Application->boot()
#19 C:\\php\\laravel\\Laravel9-Travel-Agency\\vendor\\laravel\\framework\\src\\Illuminate\\Foundation\\Application.php(239): Illuminate\\Foundation\\Bootstrap\\BootProviders->bootstrap(Object(Illuminate\\Foundation\\Application))
#20 C:\\php\\laravel\\Laravel9-Travel-Agency\\vendor\\laravel\\framework\\src\\Illuminate\\Foundation\\Http\\Kernel.php(153): Illuminate\\Foundation\\Application->bootstrapWith(Array)
#21 C:\\php\\laravel\\Laravel9-Travel-Agency\\vendor\\laravel\\framework\\src\\Illuminate\\Foundation\\Http\\Kernel.php(137): Illuminate\\Foundation\\Http\\Kernel->bootstrap()
#22 C:\\php\\laravel\\Laravel9-Travel-Agency\\vendor\\laravel\\framework\\src\\Illuminate\\Foundation\\Http\\Kernel.php(111): Illuminate\\Foundation\\Http\\Kernel->sendRequestThroughRouter(Object(Illuminate\\Http\\Request))
#23 C:\\php\\laravel\\Laravel9-Travel-Agency\\public\\index.php(52): Illuminate\\Foundation\\Http\\Kernel->handle(Object(Illuminate\\Http\\Request))
#24 C:\\php\\laravel\\Laravel9-Travel-Agency\\vendor\\laravel\\framework\\src\\Illuminate\\Foundation\esources\\server.php(16): require_once('C:\\\\php\\\\laravel\\\\...')
#25 {main}
"} 
[2022-05-13 18:08:38] local.ERROR: Please provide a valid cache path. {"exception":"[object] (InvalidArgumentException(code: 0): Please provide a valid cache path. at C:\\php\\laravel\\Laravel9-Travel-Agency\\vendor\\laravel\\framework\\src\\Illuminate\\View\\Compilers\\Compiler.php:45)
[stacktrace]
#0 C:\\php\\laravel\\Laravel9-Travel-Agency\\vendor\\laravel\\framework\\src\\Illuminate\\View\\ViewServiceProvider.php(91): Illuminate\\View\\Compilers\\Compiler->__construct(Object(Illuminate\\Filesystem\\Filesystem), false, '')
#1 C:\\php\\laravel\\Laravel9-Travel-Agency\\vendor\\laravel\\framework\\src\\Illuminate\\Container\\Container.php(873): Illuminate\\View\\ViewServiceProvider->Illuminate\\View\\{closure}(Object(Illuminate\\Foundation\\Application), Array)
#2 C:\\php\\laravel\\Laravel9-Travel-Agency\\vendor\\laravel\\framework\\src\\Illuminate\\Container\\Container.php(758): Illuminate\\Container\\Container->build(Object(Closure))
#3 C:\\php\\laravel\\Laravel9-Travel-Agency\\vendor\\laravel\\framework\\src\\Illuminate\\Foundation\\Application.php(855): Illuminate\\Container\\Container->resolve('blade.compiler', Array, true)
#4 C:\\php\\laravel\\Laravel9-Travel-Agency\\vendor\\laravel\\framework\\src\\Illuminate\\Container\\Container.php(694): Illuminate\\Foundation\\Application->resolve('blade.compiler', Array)
#5 C:\\php\\laravel\\Laravel9-Travel-Agency\\vendor\\laravel\\framework\\src\\Illuminate\\Foundation\\Application.php(840): Illuminate\\Container\\Container->make('blade.compiler', Array)
#6 C:\\php\\laravel\\Laravel9-Travel-Agency\\vendor\\laravel\\framework\\src\\Illuminate\\Container\\Container.php(1417): Illuminate\\Foundation\\Application->make('blade.compiler')
#7 C:\\php\\laravel\\Laravel9-Travel-Agency\\vendor\\livewire\\livewire\\src\\LivewireServiceProvider.php(260): Illuminate\\Container\\Container->offsetGet('blade.compiler')
#8 C:\\php\\laravel\\Laravel9-Travel-Agency\\vendor\\livewire\\livewire\\src\\LivewireServiceProvider.php(67): Livewire\\LivewireServiceProvider->registerTagCompiler()
#9 C:\\php\\laravel\\Laravel9-Travel-Agency\\vendor\\laravel\\framework\\src\\Illuminate\\Container\\BoundMethod.php(36): Livewire\\LivewireServiceProvider->boot()
#10 C:\\php\\laravel\\Laravel9-Travel-Agency\\vendor\\laravel\\framework\\src\\Illuminate\\Container\\Util.php(41): Illuminate\\Container\\BoundMethod::Illuminate\\Container\\{closure}()
#11 C:\\php\\laravel\\Laravel9-Travel-Agency\\vendor\\laravel\\framework\\src\\Illuminate\\Container\\BoundMethod.php(93): Illuminate\\Container\\Util::unwrapIfClosure(Object(Closure))
#12 C:\\php\\laravel\\Laravel9-Travel-Agency\\vendor\\laravel\\framework\\src\\Illuminate\\Container\\BoundMethod.php(37): Illuminate\\Container\\BoundMethod::callBoundMethod(Object(Illuminate\\Foundation\\Application), Array, Object(Closure))
#13 C:\\php\\laravel\\Laravel9-Travel-Agency\\vendor\\laravel\\framework\\src\\Illuminate\\Container\\Container.php(653): Illuminate\\Container\\BoundMethod::call(Object(Illuminate\\Foundation\\Application), Array, Array, NULL)
#14 C:\\php\\laravel\\Laravel9-Travel-Agency\\vendor\\laravel\\framework\\src\\Illuminate\\Foundation\\Application.php(928): Illuminate\\Container\\Container->call(Array)
#15 C:\\php\\laravel\\Laravel9-Travel-Agency\\vendor\\laravel\\framework\\src\\Illuminate\\Foundation\\Application.php(909): Illuminate\\Foundation\\Application->bootProvider(Object(Livewire\\LivewireServiceProvider))
#16 [internal function]: Illuminate\\Foundation\\Application->Illuminate\\Foundation\\{closure}(Object(Livewire\\LivewireServiceProvider), 19)
#17 C:\\php\\laravel\\Laravel9-Travel-Agency\\vendor\\laravel\\framework\\src\\Illuminate\\Foundation\\Application.php(910): array_walk(Array, Object(Closure))
#18 C:\\php\\laravel\\Laravel9-Travel-Agency\\vendor\\laravel\\framework\\src\\Illuminate\\Foundation\\Bootstrap\\BootProviders.php(17): Illuminate\\Foundation\\Application->boot()
#19 C:\\php\\laravel\\Laravel9-Travel-Agency\\vendor\\laravel\\framework\\src\\Illuminate\\Foundation\\Application.php(239): Illuminate\\Foundation\\Bootstrap\\BootProviders->bootstrap(Object(Illuminate\\Foundation\\Application))
#20 C:\\php\\laravel\\Laravel9-Travel-Agency\\vendor\\laravel\\framework\\src\\Illuminate\\Foundation\\Console\\Kernel.php(310): Illuminate\\Foundation\\Application->bootstrapWith(Array)
#21 C:\\php\\laravel\\Laravel9-Travel-Agency\\vendor\\laravel\\framework\\src\\Illuminate\\Foundation\\Console\\Kernel.php(127): Illuminate\\Foundation\\Console\\Kernel->bootstrap()
#22 C:\\php\\laravel\\Laravel9-Travel-Agency\\artisan(37): Illuminate\\Foundation\\Console\\Kernel->handle(Object(Symfony\\Component\\Console\\Input\\ArgvInput), Object(Symfony\\Component\\Console\\Output\\ConsoleOutput))
#23 {main}
"} 
[2022-05-13 18:09:23] local.ERROR: Please provide a valid cache path. {"exception":"[object] (InvalidArgumentException(code: 0): Please provide a valid cache path. at C:\\php\\laravel\\Laravel9-Travel-Agency\\vendor\\laravel\\framework\\src\\Illuminate\\View\\Compilers\\Compiler.php:45)
[stacktrace]
#0 C:\\php\\laravel\\Laravel9-Travel-Agency\\vendor\\laravel\\framework\\src\\Illuminate\\View\\ViewServiceProvider.php(91): Illuminate\\View\\Compilers\\Compiler->__construct(Object(Illuminate\\Filesystem\\Filesystem), false, '')
#1 C:\\php\\laravel\\Laravel9-Travel-Agency\\vendor\\laravel\\framework\\src\\Illuminate\\Container\\Container.php(873): Illuminate\\View\\ViewServiceProvider->Illuminate\\View\\{closure}(Object(Illuminate\\Foundation\\Application), Array)
#2 C:\\php\\laravel\\Laravel9-Travel-Agency\\vendor\\laravel\\framework\\src\\Illuminate\\Container\\Container.php(758): Illuminate\\Container\\Container->build(Object(Closure))
#3 C:\\php\\laravel\\Laravel9-Travel-Agency\\vendor\\laravel\\framework\\src\\Illuminate\\Foundation\\Application.php(855): Illuminate\\Container\\Container->resolve('blade.compiler', Array, true)
#4 C:\\php\\laravel\\Laravel9-Travel-Agency\\vendor\\laravel\\framework\\src\\Illuminate\\Container\\Container.php(694): Illuminate\\Foundation\\Application->resolve('blade.compiler', Array)
#5 C:\\php\\laravel\\Laravel9-Travel-Agency\\vendor\\laravel\\framework\\src\\Illuminate\\Foundation\\Application.php(840): Illuminate\\Container\\Container->make('blade.compiler', Array)
#6 C:\\php\\laravel\\Laravel9-Travel-Agency\\vendor\\laravel\\framework\\src\\Illuminate\\Container\\Container.php(1417): Illuminate\\Foundation\\Application->make('blade.compiler')
#7 C:\\php\\laravel\\Laravel9-Travel-Agency\\vendor\\livewire\\livewire\\src\\LivewireServiceProvider.php(260): Illuminate\\Container\\Container->offsetGet('blade.compiler')
#8 C:\\php\\laravel\\Laravel9-Travel-Agency\\vendor\\livewire\\livewire\\src\\LivewireServiceProvider.php(67): Livewire\\LivewireServiceProvider->registerTagCompiler()
#9 C:\\php\\laravel\\Laravel9-Travel-Agency\\vendor\\laravel\\framework\\src\\Illuminate\\Container\\BoundMethod.php(36): Livewire\\LivewireServiceProvider->boot()
#10 C:\\php\\laravel\\Laravel9-Travel-Agency\\vendor\\laravel\\framework\\src\\Illuminate\\Container\\Util.php(41): Illuminate\\Container\\BoundMethod::Illuminate\\Container\\{closure}()
#11 C:\\php\\laravel\\Laravel9-Travel-Agency\\vendor\\laravel\\framework\\src\\Illuminate\\Container\\BoundMethod.php(93): Illuminate\\Container\\Util::unwrapIfClosure(Object(Closure))
#12 C:\\php\\laravel\\Laravel9-Travel-Agency\\vendor\\laravel\\framework\\src\\Illuminate\\Container\\BoundMethod.php(37): Illuminate\\Container\\BoundMethod::callBoundMethod(Object(Illuminate\\Foundation\\Application), Array, Object(Closure))
#13 C:\\php\\laravel\\Laravel9-Travel-Agency\\vendor\\laravel\\framework\\src\\Illuminate\\Container\\Container.php(653): Illuminate\\Container\\BoundMethod::call(Object(Illuminate\\Foundation\\Application), Array, Array, NULL)
#14 C:\\php\\laravel\\Laravel9-Travel-Agency\\vendor\\laravel\\framework\\src\\Illuminate\\Foundation\\Application.php(928): Illuminate\\Container\\Container->call(Array)
#15 C:\\php\\laravel\\Laravel9-Travel-Agency\\vendor\\laravel\\framework\\src\\Illuminate\\Foundation\\Application.php(909): Illuminate\\Foundation\\Application->bootProvider(Object(Livewire\\LivewireServiceProvider))
#16 [internal function]: Illuminate\\Foundation\\Application->Illuminate\\Foundation\\{closure}(Object(Livewire\\LivewireServiceProvider), 19)
#17 C:\\php\\laravel\\Laravel9-Travel-Agency\\vendor\\laravel\\framework\\src\\Illuminate\\Foundation\\Application.php(910): array_walk(Array, Object(Closure))
#18 C:\\php\\laravel\\Laravel9-Travel-Agency\\vendor\\laravel\\framework\\src\\Illuminate\\Foundation\\Bootstrap\\BootProviders.php(17): Illuminate\\Foundation\\Application->boot()
#19 C:\\php\\laravel\\Laravel9-Travel-Agency\\vendor\\laravel\\framework\\src\\Illuminate\\Foundation\\Application.php(239): Illuminate\\Foundation\\Bootstrap\\BootProviders->bootstrap(Object(Illuminate\\Foundation\\Application))
#20 C:\\php\\laravel\\Laravel9-Travel-Agency\\vendor\\laravel\\framework\\src\\Illuminate\\Foundation\\Console\\Kernel.php(310): Illuminate\\Foundation\\Application->bootstrapWith(Array)
#21 C:\\php\\laravel\\Laravel9-Travel-Agency\\vendor\\laravel\\framework\\src\\Illuminate\\Foundation\\Console\\Kernel.php(127): Illuminate\\Foundation\\Console\\Kernel->bootstrap()
#22 C:\\php\\laravel\\Laravel9-Travel-Agency\\artisan(37): Illuminate\\Foundation\\Console\\Kernel->handle(Object(Symfony\\Component\\Console\\Input\\ArgvInput), Object(Symfony\\Component\\Console\\Output\\ConsoleOutput))
#23 {main}
"} 
[2022-05-13 18:09:53] local.ERROR: Please provide a valid cache path. {"exception":"[object] (InvalidArgumentException(code: 0): Please provide a valid cache path. at C:\\php\\laravel\\Laravel9-Travel-Agency\\vendor\\laravel\\framework\\src\\Illuminate\\View\\Compilers\\Compiler.php:45)
[stacktrace]
#0 C:\\php\\laravel\\Laravel9-Travel-Agency\\vendor\\laravel\\framework\\src\\Illuminate\\View\\ViewServiceProvider.php(91): Illuminate\\View\\Compilers\\Compiler->__construct(Object(Illuminate\\Filesystem\\Filesystem), false, '')
#1 C:\\php\\laravel\\Laravel9-Travel-Agency\\vendor\\laravel\\framework\\src\\Illuminate\\Container\\Container.php(873): Illuminate\\View\\ViewServiceProvider->Illuminate\\View\\{closure}(Object(Illuminate\\Foundation\\Application), Array)
#2 C:\\php\\laravel\\Laravel9-Travel-Agency\\vendor\\laravel\\framework\\src\\Illuminate\\Container\\Container.php(758): Illuminate\\Container\\Container->build(Object(Closure))
#3 C:\\php\\laravel\\Laravel9-Travel-Agency\\vendor\\laravel\\framework\\src\\Illuminate\\Foundation\\Application.php(855): Illuminate\\Container\\Container->resolve('blade.compiler', Array, true)
#4 C:\\php\\laravel\\Laravel9-Travel-Agency\\vendor\\laravel\\framework\\src\\Illuminate\\Container\\Container.php(694): Illuminate\\Foundation\\Application->resolve('blade.compiler', Array)
#5 C:\\php\\laravel\\Laravel9-Travel-Agency\\vendor\\laravel\\framework\\src\\Illuminate\\Foundation\\Application.php(840): Illuminate\\Container\\Container->make('blade.compiler', Array)
#6 C:\\php\\laravel\\Laravel9-Travel-Agency\\vendor\\laravel\\framework\\src\\Illuminate\\Container\\Container.php(1417): Illuminate\\Foundation\\Application->make('blade.compiler')
#7 C:\\php\\laravel\\Laravel9-Travel-Agency\\vendor\\livewire\\livewire\\src\\LivewireServiceProvider.php(260): Illuminate\\Container\\Container->offsetGet('blade.compiler')
#8 C:\\php\\laravel\\Laravel9-Travel-Agency\\vendor\\livewire\\livewire\\src\\LivewireServiceProvider.php(67): Livewire\\LivewireServiceProvider->registerTagCompiler()
#9 C:\\php\\laravel\\Laravel9-Travel-Agency\\vendor\\laravel\\framework\\src\\Illuminate\\Container\\BoundMethod.php(36): Livewire\\LivewireServiceProvider->boot()
#10 C:\\php\\laravel\\Laravel9-Travel-Agency\\vendor\\laravel\\framework\\src\\Illuminate\\Container\\Util.php(41): Illuminate\\Container\\BoundMethod::Illuminate\\Container\\{closure}()
#11 C:\\php\\laravel\\Laravel9-Travel-Agency\\vendor\\laravel\\framework\\src\\Illuminate\\Container\\BoundMethod.php(93): Illuminate\\Container\\Util::unwrapIfClosure(Object(Closure))
#12 C:\\php\\laravel\\Laravel9-Travel-Agency\\vendor\\laravel\\framework\\src\\Illuminate\\Container\\BoundMethod.php(37): Illuminate\\Container\\BoundMethod::callBoundMethod(Object(Illuminate\\Foundation\\Application), Array, Object(Closure))
#13 C:\\php\\laravel\\Laravel9-Travel-Agency\\vendor\\laravel\\framework\\src\\Illuminate\\Container\\Container.php(653): Illuminate\\Container\\BoundMethod::call(Object(Illuminate\\Foundation\\Application), Array, Array, NULL)
#14 C:\\php\\laravel\\Laravel9-Travel-Agency\\vendor\\laravel\\framework\\src\\Illuminate\\Foundation\\Application.php(928): Illuminate\\Container\\Container->call(Array)
#15 C:\\php\\laravel\\Laravel9-Travel-Agency\\vendor\\laravel\\framework\\src\\Illuminate\\Foundation\\Application.php(909): Illuminate\\Foundation\\Application->bootProvider(Object(Livewire\\LivewireServiceProvider))
#16 [internal function]: Illuminate\\Foundation\\Application->Illuminate\\Foundation\\{closure}(Object(Livewire\\LivewireServiceProvider), 19)
#17 C:\\php\\laravel\\Laravel9-Travel-Agency\\vendor\\laravel\\framework\\src\\Illuminate\\Foundation\\Application.php(910): array_walk(Array, Object(Closure))
#18 C:\\php\\laravel\\Laravel9-Travel-Agency\\vendor\\laravel\\framework\\src\\Illuminate\\Foundation\\Bootstrap\\BootProviders.php(17): Illuminate\\Foundation\\Application->boot()
#19 C:\\php\\laravel\\Laravel9-Travel-Agency\\vendor\\laravel\\framework\\src\\Illuminate\\Foundation\\Application.php(239): Illuminate\\Foundation\\Bootstrap\\BootProviders->bootstrap(Object(Illuminate\\Foundation\\Application))
#20 C:\\php\\laravel\\Laravel9-Travel-Agency\\vendor\\laravel\\framework\\src\\Illuminate\\Foundation\\Console\\Kernel.php(310): Illuminate\\Foundation\\Application->bootstrapWith(Array)
#21 C:\\php\\laravel\\Laravel9-Travel-Agency\\vendor\\laravel\\framework\\src\\Illuminate\\Foundation\\Console\\Kernel.php(127): Illuminate\\Foundation\\Console\\Kernel->bootstrap()
#22 C:\\php\\laravel\\Laravel9-Travel-Agency\\artisan(37): Illuminate\\Foundation\\Console\\Kernel->handle(Object(Symfony\\Component\\Console\\Input\\ArgvInput), Object(Symfony\\Component\\Console\\Output\\ConsoleOutput))
#23 {main}
"} 
[2022-05-13 18:11:46] local.ERROR: Please provide a valid cache path. {"exception":"[object] (InvalidArgumentException(code: 0): Please provide a valid cache path. at C:\\php\\laravel\\Laravel9-Travel-Agency\\vendor\\laravel\\framework\\src\\Illuminate\\View\\Compilers\\Compiler.php:45)
[stacktrace]
#0 C:\\php\\laravel\\Laravel9-Travel-Agency\\vendor\\laravel\\framework\\src\\Illuminate\\View\\ViewServiceProvider.php(91): Illuminate\\View\\Compilers\\Compiler->__construct(Object(Illuminate\\Filesystem\\Filesystem), false, '')
#1 C:\\php\\laravel\\Laravel9-Travel-Agency\\vendor\\laravel\\framework\\src\\Illuminate\\Container\\Container.php(873): Illuminate\\View\\ViewServiceProvider->Illuminate\\View\\{closure}(Object(Illuminate\\Foundation\\Application), Array)
#2 C:\\php\\laravel\\Laravel9-Travel-Agency\\vendor\\laravel\\framework\\src\\Illuminate\\Container\\Container.php(758): Illuminate\\Container\\Container->build(Object(Closure))
#3 C:\\php\\laravel\\Laravel9-Travel-Agency\\vendor\\laravel\\framework\\src\\Illuminate\\Foundation\\Application.php(855): Illuminate\\Container\\Container->resolve('blade.compiler', Array, true)
#4 C:\\php\\laravel\\Laravel9-Travel-Agency\\vendor\\laravel\\framework\\src\\Illuminate\\Container\\Container.php(694): Illuminate\\Foundation\\Application->resolve('blade.compiler', Array)
#5 C:\\php\\laravel\\Laravel9-Travel-Agency\\vendor\\laravel\\framework\\src\\Illuminate\\Foundation\\Application.php(840): Illuminate\\Container\\Container->make('blade.compiler', Array)
#6 C:\\php\\laravel\\Laravel9-Travel-Agency\\vendor\\laravel\\framework\\src\\Illuminate\\Container\\Container.php(1417): Illuminate\\Foundation\\Application->make('blade.compiler')
#7 C:\\php\\laravel\\Laravel9-Travel-Agency\\vendor\\livewire\\livewire\\src\\LivewireServiceProvider.php(260): Illuminate\\Container\\Container->offsetGet('blade.compiler')
#8 C:\\php\\laravel\\Laravel9-Travel-Agency\\vendor\\livewire\\livewire\\src\\LivewireServiceProvider.php(67): Livewire\\LivewireServiceProvider->registerTagCompiler()
#9 C:\\php\\laravel\\Laravel9-Travel-Agency\\vendor\\laravel\\framework\\src\\Illuminate\\Container\\BoundMethod.php(36): Livewire\\LivewireServiceProvider->boot()
#10 C:\\php\\laravel\\Laravel9-Travel-Agency\\vendor\\laravel\\framework\\src\\Illuminate\\Container\\Util.php(41): Illuminate\\Container\\BoundMethod::Illuminate\\Container\\{closure}()
#11 C:\\php\\laravel\\Laravel9-Travel-Agency\\vendor\\laravel\\framework\\src\\Illuminate\\Container\\BoundMethod.php(93): Illuminate\\Container\\Util::unwrapIfClosure(Object(Closure))
#12 C:\\php\\laravel\\Laravel9-Travel-Agency\\vendor\\laravel\\framework\\src\\Illuminate\\Container\\BoundMethod.php(37): Illuminate\\Container\\BoundMethod::callBoundMethod(Object(Illuminate\\Foundation\\Application), Array, Object(Closure))
#13 C:\\php\\laravel\\Laravel9-Travel-Agency\\vendor\\laravel\\framework\\src\\Illuminate\\Container\\Container.php(653): Illuminate\\Container\\BoundMethod::call(Object(Illuminate\\Foundation\\Application), Array, Array, NULL)
#14 C:\\php\\laravel\\Laravel9-Travel-Agency\\vendor\\laravel\\framework\\src\\Illuminate\\Foundation\\Application.php(928): Illuminate\\Container\\Container->call(Array)
#15 C:\\php\\laravel\\Laravel9-Travel-Agency\\vendor\\laravel\\framework\\src\\Illuminate\\Foundation\\Application.php(909): Illuminate\\Foundation\\Application->bootProvider(Object(Livewire\\LivewireServiceProvider))
#16 [internal function]: Illuminate\\Foundation\\Application->Illuminate\\Foundation\\{closure}(Object(Livewire\\LivewireServiceProvider), 19)
#17 C:\\php\\laravel\\Laravel9-Travel-Agency\\vendor\\laravel\\framework\\src\\Illuminate\\Foundation\\Application.php(910): array_walk(Array, Object(Closure))
#18 C:\\php\\laravel\\Laravel9-Travel-Agency\\vendor\\laravel\\framework\\src\\Illuminate\\Foundation\\Bootstrap\\BootProviders.php(17): Illuminate\\Foundation\\Application->boot()
#19 C:\\php\\laravel\\Laravel9-Travel-Agency\\vendor\\laravel\\framework\\src\\Illuminate\\Foundation\\Application.php(239): Illuminate\\Foundation\\Bootstrap\\BootProviders->bootstrap(Object(Illuminate\\Foundation\\Application))
#20 C:\\php\\laravel\\Laravel9-Travel-Agency\\vendor\\laravel\\framework\\src\\Illuminate\\Foundation\\Console\\Kernel.php(310): Illuminate\\Foundation\\Application->bootstrapWith(Array)
#21 C:\\php\\laravel\\Laravel9-Travel-Agency\\vendor\\laravel\\framework\\src\\Illuminate\\Foundation\\Console\\Kernel.php(127): Illuminate\\Foundation\\Console\\Kernel->bootstrap()
#22 C:\\php\\laravel\\Laravel9-Travel-Agency\\artisan(37): Illuminate\\Foundation\\Console\\Kernel->handle(Object(Symfony\\Component\\Console\\Input\\ArgvInput), Object(Symfony\\Component\\Console\\Output\\ConsoleOutput))
#23 {main}
"} 
[2022-05-13 18:12:30] local.ERROR: Please provide a valid cache path. {"exception":"[object] (InvalidArgumentException(code: 0): Please provide a valid cache path. at C:\\php\\laravel\\Laravel9-Travel-Agency\\vendor\\laravel\\framework\\src\\Illuminate\\View\\Compilers\\Compiler.php:45)
[stacktrace]
#0 C:\\php\\laravel\\Laravel9-Travel-Agency\\vendor\\laravel\\framework\\src\\Illuminate\\View\\ViewServiceProvider.php(91): Illuminate\\View\\Compilers\\Compiler->__construct(Object(Illuminate\\Filesystem\\Filesystem), false, '')
#1 C:\\php\\laravel\\Laravel9-Travel-Agency\\vendor\\laravel\\framework\\src\\Illuminate\\Container\\Container.php(873): Illuminate\\View\\ViewServiceProvider->Illuminate\\View\\{closure}(Object(Illuminate\\Foundation\\Application), Array)
#2 C:\\php\\laravel\\Laravel9-Travel-Agency\\vendor\\laravel\\framework\\src\\Illuminate\\Container\\Container.php(758): Illuminate\\Container\\Container->build(Object(Closure))
#3 C:\\php\\laravel\\Laravel9-Travel-Agency\\vendor\\laravel\\framework\\src\\Illuminate\\Foundation\\Application.php(855): Illuminate\\Container\\Container->resolve('blade.compiler', Array, true)
#4 C:\\php\\laravel\\Laravel9-Travel-Agency\\vendor\\laravel\\framework\\src\\Illuminate\\Container\\Container.php(694): Illuminate\\Foundation\\Application->resolve('blade.compiler', Array)
#5 C:\\php\\laravel\\Laravel9-Travel-Agency\\vendor\\laravel\\framework\\src\\Illuminate\\Foundation\\Application.php(840): Illuminate\\Container\\Container->make('blade.compiler', Array)
#6 C:\\php\\laravel\\Laravel9-Travel-Agency\\vendor\\laravel\\framework\\src\\Illuminate\\Container\\Container.php(1417): Illuminate\\Foundation\\Application->make('blade.compiler')
#7 C:\\php\\laravel\\Laravel9-Travel-Agency\\vendor\\livewire\\livewire\\src\\LivewireServiceProvider.php(260): Illuminate\\Container\\Container->offsetGet('blade.compiler')
#8 C:\\php\\laravel\\Laravel9-Travel-Agency\\vendor\\livewire\\livewire\\src\\LivewireServiceProvider.php(67): Livewire\\LivewireServiceProvider->registerTagCompiler()
#9 C:\\php\\laravel\\Laravel9-Travel-Agency\\vendor\\laravel\\framework\\src\\Illuminate\\Container\\BoundMethod.php(36): Livewire\\LivewireServiceProvider->boot()
#10 C:\\php\\laravel\\Laravel9-Travel-Agency\\vendor\\laravel\\framework\\src\\Illuminate\\Container\\Util.php(41): Illuminate\\Container\\BoundMethod::Illuminate\\Container\\{closure}()
#11 C:\\php\\laravel\\Laravel9-Travel-Agency\\vendor\\laravel\\framework\\src\\Illuminate\\Container\\BoundMethod.php(93): Illuminate\\Container\\Util::unwrapIfClosure(Object(Closure))
#12 C:\\php\\laravel\\Laravel9-Travel-Agency\\vendor\\laravel\\framework\\src\\Illuminate\\Container\\BoundMethod.php(37): Illuminate\\Container\\BoundMethod::callBoundMethod(Object(Illuminate\\Foundation\\Application), Array, Object(Closure))
#13 C:\\php\\laravel\\Laravel9-Travel-Agency\\vendor\\laravel\\framework\\src\\Illuminate\\Container\\Container.php(653): Illuminate\\Container\\BoundMethod::call(Object(Illuminate\\Foundation\\Application), Array, Array, NULL)
#14 C:\\php\\laravel\\Laravel9-Travel-Agency\\vendor\\laravel\\framework\\src\\Illuminate\\Foundation\\Application.php(928): Illuminate\\Container\\Container->call(Array)
#15 C:\\php\\laravel\\Laravel9-Travel-Agency\\vendor\\laravel\\framework\\src\\Illuminate\\Foundation\\Application.php(909): Illuminate\\Foundation\\Application->bootProvider(Object(Livewire\\LivewireServiceProvider))
#16 [internal function]: Illuminate\\Foundation\\Application->Illuminate\\Foundation\\{closure}(Object(Livewire\\LivewireServiceProvider), 19)
#17 C:\\php\\laravel\\Laravel9-Travel-Agency\\vendor\\laravel\\framework\\src\\Illuminate\\Foundation\\Application.php(910): array_walk(Array, Object(Closure))
#18 C:\\php\\laravel\\Laravel9-Travel-Agency\\vendor\\laravel\\framework\\src\\Illuminate\\Foundation\\Bootstrap\\BootProviders.php(17): Illuminate\\Foundation\\Application->boot()
#19 C:\\php\\laravel\\Laravel9-Travel-Agency\\vendor\\laravel\\framework\\src\\Illuminate\\Foundation\\Application.php(239): Illuminate\\Foundation\\Bootstrap\\BootProviders->bootstrap(Object(Illuminate\\Foundation\\Application))
#20 C:\\php\\laravel\\Laravel9-Travel-Agency\\vendor\\laravel\\framework\\src\\Illuminate\\Foundation\\Console\\Kernel.php(310): Illuminate\\Foundation\\Application->bootstrapWith(Array)
#21 C:\\php\\laravel\\Laravel9-Travel-Agency\\vendor\\laravel\\framework\\src\\Illuminate\\Foundation\\Console\\Kernel.php(127): Illuminate\\Foundation\\Console\\Kernel->bootstrap()
#22 C:\\php\\laravel\\Laravel9-Travel-Agency\\artisan(37): Illuminate\\Foundation\\Console\\Kernel->handle(Object(Symfony\\Component\\Console\\Input\\ArgvInput), Object(Symfony\\Component\\Console\\Output\\ConsoleOutput))
#23 {main}
"} 
